<?xml version="1.0" encoding="UTF-8"?>
<!-- Generated by org.testng.reporters.JUnitReportReporter -->
<testsuite hostname="BRANDED-LAP" failures="0" tests="2" name="com.apiTesting.PutTests" time="6.648" errors="0" timestamp="2024-11-24T10:18:11 PKT" skipped="0">
  <testcase classname="com.apiTesting.PutTests" name="testUpdateResource" time="5.475"/>
  <testcase classname="com.apiTesting.PutTests" name="testUpdateUser" time="1.173"/>
</testsuite> <!-- com.apiTesting.PutTests -->
