<?xml version="1.0" encoding="UTF-8"?>
<!-- Generated by org.testng.reporters.JUnitReportReporter -->
<testsuite hostname="BRANDED-LAP" failures="0" tests="6" name="com.apiTesting.GetTests" time="15.143" errors="0" timestamp="2024-11-24T09:54:37 PKT" skipped="0">
  <testcase classname="com.apiTesting.GetTests" name="testGetListOfUsers" time="0.687"/>
  <testcase classname="com.apiTesting.GetTests" name="testGetSingleUser" time="0.944"/>
  <testcase classname="com.apiTesting.GetTests" name="testGetDelayedResponse" time="8.609"/>
  <testcase classname="com.apiTesting.GetTests" name="testGetListOfResources" time="1.904"/>
  <testcase classname="com.apiTesting.GetTests" name="testGetSingleResource" time="1.419"/>
  <testcase classname="com.apiTesting.GetTests" name="testGetSingleUserInvalid" time="1.580"/>
</testsuite> <!-- com.apiTesting.GetTests -->
