<?xml version="1.0" encoding="UTF-8"?>
<!-- Generated by org.testng.reporters.JUnitReportReporter -->
<testsuite hostname="BRANDED-LAP" failures="0" tests="8" name="com.apiTesting.test.UserTests" time="12.812" errors="0" timestamp="2024-11-24T17:16:09 PKT" skipped="0">
  <testcase classname="com.apiTesting.test.UserTests" name="testUpdateUser" time="0.878"/>
  <system-out/>
  <testcase classname="com.apiTesting.test.UserTests" name="testCreateUser" time="0.820"/>
  <system-out/>
  <testcase classname="com.apiTesting.test.UserTests" name="testLoginUserValid" time="1.414"/>
  <system-out/>
  <testcase classname="com.apiTesting.test.UserTests" name="testCreateUser" time="0.753"/>
  <system-out/>
  <testcase classname="com.apiTesting.test.UserTests" name="testLoginUserInvalid" time="1.748"/>
  <system-out/>
  <testcase classname="com.apiTesting.test.UserTests" name="testDeleteUser" time="1.217"/>
  <system-out/>
  <testcase classname="com.apiTesting.test.UserTests" name="testCreateUser" time="4.948"/>
  <system-out/>
  <testcase classname="com.apiTesting.test.UserTests" name="testGetUsers" time="1.034"/>
  <system-out/>
</testsuite> <!-- com.apiTesting.test.UserTests -->
