<?xml version="1.0" encoding="UTF-8"?>
<!-- Generated by org.testng.reporters.JUnitReportReporter -->
<testsuite hostname="BRANDED-LAP" failures="0" tests="4" name="com.apiTesting.PostTests" time="8.029" errors="0" timestamp="2024-11-24T10:07:31 PKT" skipped="0">
  <testcase classname="com.apiTesting.PostTests" name="testLoginUserInvalid" time="1.115"/>
  <testcase classname="com.apiTesting.PostTests" name="testCreateResource" time="4.261"/>
  <testcase classname="com.apiTesting.PostTests" name="testCreateUser" time="1.262"/>
  <testcase classname="com.apiTesting.PostTests" name="testLoginUserValid" time="1.391"/>
</testsuite> <!-- com.apiTesting.PostTests -->
