<?xml version="1.0" encoding="UTF-8"?>
<!-- Generated by org.testng.reporters.JUnitReportReporter -->
<testsuite hostname="BRANDED-LAP" failures="0" tests="7" name="com.apiTesting.test.ResourceTests" time="11.085" errors="0" timestamp="2024-11-24T17:17:27 PKT" skipped="0">
  <testcase classname="com.apiTesting.test.ResourceTests" name="testCreateResource" time="4.619"/>
  <system-out/>
  <testcase classname="com.apiTesting.test.ResourceTests" name="testCreateResource" time="0.775"/>
  <system-out/>
  <testcase classname="com.apiTesting.test.ResourceTests" name="testCreateResource" time="0.918"/>
  <system-out/>
  <testcase classname="com.apiTesting.test.ResourceTests" name="testUpdateResource" time="1.832"/>
  <system-out/>
  <testcase classname="com.apiTesting.test.ResourceTests" name="testGetResources" time="1.129"/>
  <system-out/>
  <testcase classname="com.apiTesting.test.ResourceTests" name="testGetSingleResource" time="0.916"/>
  <system-out/>
  <testcase classname="com.apiTesting.test.ResourceTests" name="testDeleteResource" time="0.896"/>
  <system-out/>
</testsuite> <!-- com.apiTesting.test.ResourceTests -->
