<?xml version="1.0" encoding="UTF-8"?>
<!-- Generated by org.testng.reporters.JUnitReportReporter -->
<testsuite hostname="BRANDED-LAP" failures="0" tests="2" name="com.apiTesting.DeleteTests" time="5.257" errors="0" timestamp="2024-11-24T10:18:49 PKT" skipped="0">
  <testcase classname="com.apiTesting.DeleteTests" name="testDeleteResource" time="3.937"/>
  <testcase classname="com.apiTesting.DeleteTests" name="testDeleteUser" time="1.320"/>
</testsuite> <!-- com.apiTesting.DeleteTests -->
